TN:
SF:server/config.js
FNF:0
FNH:0
DA:4,2
DA:5,2
DA:6,2
DA:7,2
LF:4
LH:4
BRDA:10,0,0,2
BRDA:10,0,1,2
BRF:2
BRH:2
end_of_record
TN:
SF:server/controller.js
FN:4,(anonymous_0)
FN:8,(anonymous_1)
FNF:2
FNH:2
FNDA:1,(anonymous_0)
FNDA:1,(anonymous_1)
DA:5,1
DA:9,1
LF:2
LH:2
BRF:0
BRH:0
end_of_record
TN:
SF:server/routes.js
FN:7,routes
FN:52,handleError
FN:63,handler
FN:65,(anonymous_3)
FNF:4
FNH:4
FNDA:8,routes
FNDA:2,handleError
FNDA:8,handler
FNDA:2,(anonymous_3)
DA:5,1
DA:8,8
DA:10,8
DA:11,1
DA:15,1
DA:18,7
DA:19,1
DA:22,1
DA:25,6
DA:26,1
DA:27,1
DA:30,5
DA:34,4
DA:36,2
DA:38,2
DA:39,1
DA:45,2
DA:48,1
DA:49,1
DA:53,2
DA:54,1
DA:55,1
DA:56,1
DA:58,1
DA:59,1
DA:60,1
DA:64,8
DA:65,2
LF:28
LH:28
BRDA:10,0,0,1
BRDA:10,0,1,7
BRDA:10,1,0,8
BRDA:10,1,1,7
BRDA:18,2,0,1
BRDA:18,2,1,6
BRDA:18,3,0,7
BRDA:18,3,1,6
BRDA:25,4,0,1
BRDA:25,4,1,5
BRDA:25,5,0,6
BRDA:25,5,1,5
BRDA:30,6,0,4
BRDA:30,6,1,1
BRDA:38,7,0,1
BRDA:38,7,1,1
BRDA:53,8,0,1
BRDA:53,8,1,1
BRF:18
BRH:18
end_of_record
TN:
SF:server/service.js
FN:8,(anonymous_0)
FN:12,(anonymous_1)
FN:23,(anonymous_2)
FNF:3
FNH:3
FNDA:1,(anonymous_0)
FNDA:2,(anonymous_1)
FNDA:2,(anonymous_2)
DA:9,1
DA:13,2
DA:14,2
DA:15,1
DA:17,1
DA:24,2
DA:25,1
LF:7
LH:7
BRF:0
BRH:0
end_of_record
TN:
SF:server/util.js
FNF:0
FNH:0
DA:3,1
DA:13,1
LF:2
LH:2
BRF:0
BRH:0
end_of_record
